<?xml version="1.0" encoding="UTF-8"?>
<testng-results ignored="0" total="1" passed="1" failed="0" skipped="0">
  <reporter-output>
  </reporter-output>
  <suite started-at="2023-10-24T00:18:33 EET" name="Default suite" finished-at="2023-10-24T00:18:38 EET" duration-ms="4239">
    <groups>
    </groups>
    <test started-at="2023-10-24T00:18:33 EET" name="Default test" finished-at="2023-10-24T00:18:38 EET" duration-ms="4239">
      <class name="My_Test_Class">
        <test-method is-config="true" signature="beforTast()[pri:0, instance:My_Test_Class@2783717b]" started-at="2023-10-24T00:18:33 EET" name="beforTast" finished-at="2023-10-24T00:18:36 EET" duration-ms="3030" status="PASS">
          <reporter-output>
          </reporter-output>
        </test-method> <!-- beforTast -->
        <test-method signature="myTest()[pri:0, instance:My_Test_Class@2783717b]" started-at="2023-10-24T00:18:36 EET" name="myTest" finished-at="2023-10-24T00:18:38 EET" duration-ms="1122" status="PASS">
          <reporter-output>
          </reporter-output>
        </test-method> <!-- myTest -->
        <test-method is-config="true" signature="afterTast()[pri:0, instance:My_Test_Class@2783717b]" started-at="2023-10-24T00:18:38 EET" name="afterTast" finished-at="2023-10-24T00:18:38 EET" duration-ms="1" status="PASS">
          <reporter-output>
          </reporter-output>
        </test-method> <!-- afterTast -->
      </class> <!-- My_Test_Class -->
    </test> <!-- Default test -->
  </suite> <!-- Default suite -->
</testng-results>
